<?xml version="1.0" encoding="UTF-8"?>
<!-- Generated by org.testng.reporters.JUnitXMLReporter -->
<testsuite ignored="0" hostname="LAPTOP-V6HVT8DR" failures="1" tests="5" name="Test" time="17.342" errors="0" timestamp="2026-02-28T22:05:18 IST">
  <testcase classname="testNG.TestNgAnnotations" name="test1" time="0.007"/>
  <testcase classname="testNG.TestNgAnnotations" name="test2" time="0.002"/>
  <testcase classname="testNG.DemoTest" name="demo" time="7.623"/>
  <testcase classname="testNG.LoginTest" name="actions" time="1.939"/>
  <testcase classname="testNG.hardAndSoftAssert" name="actions" time="3.156">
    <failure type="java.lang.AssertionError" message="The following asserts failed:
	expected [Search1] but found [Search]">
      <![CDATA[java.lang.AssertionError: The following asserts failed:
expected [Search1] but found [Search]
at testNG.hardAndSoftAssert.actions(hardAndSoftAssert.java:61)
at java.base/java.util.concurrent.Executors$RunnableAdapter.call(Executors.java:539)
at java.base/java.util.concurrent.FutureTask.run(FutureTask.java:264)
at java.base/java.util.concurrent.ThreadPoolExecutor.runWorker(ThreadPoolExecutor.java:1136)
at java.base/java.util.concurrent.ThreadPoolExecutor$Worker.run(ThreadPoolExecutor.java:635)
at java.base/java.lang.Thread.run(Thread.java:842)
... Removed 15 stack frames]]>
    </failure>
  </testcase> <!-- actions -->
</testsuite> <!-- Test -->
