<?xml version="1.0" encoding="UTF-8"?>
<testng-results ignored="0" total="1" passed="0" failed="1" skipped="0">
  <reporter-output>
  </reporter-output>
  <suite started-at="2026-02-26T15:11:46 IST" name="Default suite" finished-at="2026-02-26T15:11:56 IST" duration-ms="9778">
    <groups>
    </groups>
    <test started-at="2026-02-26T15:11:46 IST" name="Default test" finished-at="2026-02-26T15:11:56 IST" duration-ms="9778">
      <class name="testNG.hardAssert">
        <test-method is-config="true" signature="database()[pri:0, instance:testNG.hardAssert@73a1e9a9]" started-at="2026-02-26T15:11:46 IST" name="database" finished-at="2026-02-26T15:11:46 IST" duration-ms="10" status="PASS">
          <reporter-output>
          </reporter-output>
        </test-method> <!-- database -->
        <test-method is-config="true" signature="launch()[pri:0, instance:testNG.hardAssert@73a1e9a9]" started-at="2026-02-26T15:11:46 IST" name="launch" finished-at="2026-02-26T15:11:48 IST" duration-ms="1300" status="PASS">
          <reporter-output>
          </reporter-output>
        </test-method> <!-- launch -->
        <test-method is-config="true" signature="openApp()[pri:0, instance:testNG.hardAssert@73a1e9a9]" started-at="2026-02-26T15:11:48 IST" name="openApp" finished-at="2026-02-26T15:11:51 IST" duration-ms="3189" status="PASS">
          <reporter-output>
          </reporter-output>
        </test-method> <!-- openApp -->
        <test-method signature="actions()[pri:0, instance:testNG.hardAssert@73a1e9a9]" started-at="2026-02-26T15:11:51 IST" name="actions" finished-at="2026-02-26T15:11:54 IST" duration-ms="2902" status="FAIL">
          <exception class="java.lang.AssertionError">
            <message>
              <![CDATA[The following asserts failed:
expected [Search1] but found [Search]]]>
            </message>
            <full-stacktrace>
              <![CDATA[java.lang.AssertionError: The following asserts failed:
expected [Search1] but found [Search]
at org.testng.asserts.SoftAssert.assertAll(SoftAssert.java:46)
at org.testng.asserts.SoftAssert.assertAll(SoftAssert.java:30)
at testNG.hardAssert.actions(hardAssert.java:61)
at java.base/jdk.internal.reflect.NativeMethodAccessorImpl.invoke0(Native Method)
at java.base/jdk.internal.reflect.NativeMethodAccessorImpl.invoke(NativeMethodAccessorImpl.java:77)
at java.base/jdk.internal.reflect.DelegatingMethodAccessorImpl.invoke(DelegatingMethodAccessorImpl.java:43)
at java.base/java.lang.reflect.Method.invoke(Method.java:568)
at org.testng.internal.invokers.MethodInvocationHelper.invokeMethod(MethodInvocationHelper.java:141)
at org.testng.internal.invokers.TestInvoker.invokeMethod(TestInvoker.java:686)
at org.testng.internal.invokers.TestInvoker.invokeTestMethod(TestInvoker.java:230)
at org.testng.internal.invokers.MethodRunner.runInSequence(MethodRunner.java:63)
at org.testng.internal.invokers.TestInvoker$MethodInvocationAgent.invoke(TestInvoker.java:992)
at org.testng.internal.invokers.TestInvoker.invokeTestMethods(TestInvoker.java:203)
at org.testng.internal.invokers.TestMethodWorker.invokeTestMethods(TestMethodWorker.java:154)
at org.testng.internal.invokers.TestMethodWorker.run(TestMethodWorker.java:134)
at java.base/java.util.ArrayList.forEach(ArrayList.java:1511)
at org.testng.TestRunner.privateRun(TestRunner.java:739)
at org.testng.TestRunner.run(TestRunner.java:614)
at org.testng.SuiteRunner.runTest(SuiteRunner.java:421)
at org.testng.SuiteRunner.runSequentially(SuiteRunner.java:413)
at org.testng.SuiteRunner.privateRun(SuiteRunner.java:373)
at org.testng.SuiteRunner.run(SuiteRunner.java:312)
at org.testng.SuiteRunnerWorker.runSuite(SuiteRunnerWorker.java:52)
at org.testng.SuiteRunnerWorker.run(SuiteRunnerWorker.java:95)
at org.testng.TestNG.runSuitesSequentially(TestNG.java:1274)
at org.testng.TestNG.runSuitesLocally(TestNG.java:1208)
at org.testng.TestNG.runSuites(TestNG.java:1112)
at org.testng.TestNG.run(TestNG.java:1079)
at org.testng.remote.AbstractRemoteTestNG.run(AbstractRemoteTestNG.java:115)
at org.testng.remote.RemoteTestNG.initAndRun(RemoteTestNG.java:293)
at org.testng.remote.RemoteTestNG.main(RemoteTestNG.java:91)
]]>
            </full-stacktrace>
          </exception> <!-- java.lang.AssertionError -->
          <reporter-output>
          </reporter-output>
        </test-method> <!-- actions -->
        <test-method is-config="true" signature="back()[pri:0, instance:testNG.hardAssert@73a1e9a9]" started-at="2026-02-26T15:11:54 IST" name="back" finished-at="2026-02-26T15:11:56 IST" duration-ms="2103" status="PASS">
          <reporter-output>
          </reporter-output>
        </test-method> <!-- back -->
        <test-method is-config="true" signature="end()[pri:0, instance:testNG.hardAssert@73a1e9a9]" started-at="2026-02-26T15:11:56 IST" name="end" finished-at="2026-02-26T15:11:56 IST" duration-ms="238" status="PASS">
          <reporter-output>
          </reporter-output>
        </test-method> <!-- end -->
        <test-method is-config="true" signature="generateReports()[pri:0, instance:testNG.hardAssert@73a1e9a9]" started-at="2026-02-26T15:11:56 IST" name="generateReports" finished-at="2026-02-26T15:11:56 IST" duration-ms="1" status="PASS">
          <reporter-output>
          </reporter-output>
        </test-method> <!-- generateReports -->
      </class> <!-- testNG.hardAssert -->
    </test> <!-- Default test -->
  </suite> <!-- Default suite -->
</testng-results>
